<?xml version="1.0" encoding="UTF-8"?>
<testng-results ignored="0" total="0" passed="0" failed="0" skipped="0">
  <reporter-output>
  </reporter-output>
  <suite started-at="2025-04-11T15:14:05 IST" name="Default suite" finished-at="2025-04-11T15:14:05 IST" duration-ms="346">
    <groups>
      <group name="cucumber">
        <method signature="AbstractTestNGCucumberTests.runScenario(io.cucumber.testng.PickleWrapper,io.cucumber.testng.FeatureWrapper)[pri:0, instance:runners.CRMRunner@6e535154]" name="runScenario" class="io.cucumber.testng.AbstractTestNGCucumberTests"/>
      </group> <!-- cucumber -->
    </groups>
    <test started-at="2025-04-11T15:14:05 IST" name="Default test" finished-at="2025-04-11T15:14:05 IST" duration-ms="346">
      <class name="runners.CRMRunner">
        <test-method is-config="true" signature="setUpClass(org.testng.ITestContext)[pri:0, instance:runners.CRMRunner@6e535154]" started-at="2025-04-11T15:14:05 IST" name="setUpClass" finished-at="2025-04-11T15:14:05 IST" duration-ms="282" status="PASS">
          <params>
            <param index="0">
              <value>
                <![CDATA[org.testng.TestRunner@5bd82fed]]>
              </value>
            </param>
          </params>
          <reporter-output>
          </reporter-output>
        </test-method> <!-- setUpClass -->
        <test-method is-config="true" signature="tearDownClass()[pri:0, instance:runners.CRMRunner@6e535154]" started-at="2025-04-11T15:14:05 IST" name="tearDownClass" finished-at="2025-04-11T15:14:05 IST" duration-ms="16" status="PASS">
          <reporter-output>
          </reporter-output>
        </test-method> <!-- tearDownClass -->
      </class> <!-- runners.CRMRunner -->
    </test> <!-- Default test -->
  </suite> <!-- Default suite -->
</testng-results>
